C51 COMPILER V9.52.0.0   DELAY                                                             01/05/2018 12:35:21 PAGE 1   


C51 COMPILER V9.52.0.0, COMPILATION OF MODULE DELAY
OBJECT MODULE PLACED IN delay.obj
COMPILER INVOKED BY: C:\Keil\C51\BIN\C51.EXE source\delay.c ROM(COMPACT) BROWSE INCDIR(.\source) DEBUG OBJECTEXTEND PRIN
                    -T(.\delay.lst) TABS(2) OBJECT(delay.obj)

line level    source

   1          /*---------------------------------------------------------------------*/
   2          /* --- STC MCU International Limited ----------------------------------*/
   3          /* --- STC 1T Series MCU Demo Programme -------------------------------*/
   4          /* --- Mobile: (86)13922805190 ----------------------------------------*/
   5          /* --- Fax: 86-0513-55012956,55012947,55012969 ------------------------*/
   6          /* --- Tel: 86-0513-55012928,55012929,55012966 ------------------------*/
   7          /* --- Web: www.GXWMCU.com --------------------------------------------*/
   8          /* --- QQ:  800003751 -------------------------------------------------*/
   9          /* 如果要在程序中使用此代码,请在程序中注明使用了宏晶科技的资料及程序   */
  10          /*---------------------------------------------------------------------*/
  11          /*************  功能说明  **************
  12          本文件为STC15xxx系列的延时程序,用户几乎可以不修改这个程序.
  13          ******************************************/
  14          #include  "delay.h"
  15          
  16          //========================================================================
  17          // 函数: void  delay_ms(unsigned char ms)
  18          // 描述: 延时函数。
  19          // 参数: ms,要延时的ms数, 这里只支持1~255ms. 自动适应主时钟.
  20          // 返回: none.
  21          // 版本: VER1.0
  22          // 日期: 2013-4-1
  23          // 备注: 
  24          //========================================================================
  25          void  DelayMs (unsigned char ms)
  26          {
  27   1           unsigned int i;
  28   1         do{
  29   2              i = MAIN_Fosc / 13000;
  30   2            while(--i)  ;   //14T per loop
  31   2           }while(--ms);
  32   1      }
  33          
  34          void  DelayUs (unsigned char us)
  35          {
  36   1           unsigned char i;
  37   1      
  38   1           for (i = 0; i < us; i++)
  39   1           {
  40   2              ;
  41   2              i++;            // for 6 MHz
  42   2           }
  43   1      }


MODULE INFORMATION:   STATIC OVERLAYABLE
   CODE SIZE        =     28    ----
   CONSTANT SIZE    =   ----    ----
   XDATA SIZE       =   ----    ----
   PDATA SIZE       =   ----    ----
   DATA SIZE        =   ----    ----
   IDATA SIZE       =   ----    ----
   BIT SIZE         =   ----    ----
END OF MODULE INFORMATION.

C51 COMPILER V9.52.0.0   DELAY                                                             01/05/2018 12:35:21 PAGE 2   


C51 COMPILATION COMPLETE.  0 WARNING(S),  0 ERROR(S)
