C51 COMPILER V9.52.0.0   INTERRUPT_SERVICE                                                 01/06/2018 19:21:12 PAGE 1   


C51 COMPILER V9.52.0.0, COMPILATION OF MODULE INTERRUPT_SERVICE
OBJECT MODULE PLACED IN interrupt_service.obj
COMPILER INVOKED BY: C:\Keil\C51\BIN\C51.EXE source\interrupt_service.c ROM(COMPACT) BROWSE INCDIR(.\source) DEBUG OBJEC
                    -TEXTEND PRINT(.\interrupt_service.lst) TABS(2) OBJECT(interrupt_service.obj)

line level    source

   1          //*********************************************************
   2          //  File Name   : interrupt.c
   3          //  Created On  : 201801041502
   4          //  Author      : Ming
   5          //  Description : here are interrupt service routines
   6          //*********************************************************
   7          #include  "interrupt_service.h"
   8          
   9          // INT0
  10          void ext_int0_servece (void) interrupt 0 using 1
  11          {
  12   1          // HW auto clear interrupt flag
  13   1          st_x0.cnt++;
  14   1      }
  15          
  16          // INT1
  17          void ext_int1_servece (void) interrupt 2 using 1
  18          {
  19   1          // HW auto clear interrupt flag
  20   1          st_x1.cnt++;
  21   1      }
  22          
  23          // T0
  24          void t0_service (void) interrupt 1 using 2
  25          {
  26   1          // HW auto clear interrupt flag
  27   1          // Mode 0: 16-bit auto reload
  28   1          st_t0.cnt++;
  29   1      }
  30          
  31          // T1
  32          void t1_service (void) interrupt 3 using 3
  33          {
  34   1          // HW auto clear interrupt flag
  35   1          // Mode 0: 16-bit auto reload
  36   1          st_t1.cnt++;
  37   1      }
  38          


MODULE INFORMATION:   STATIC OVERLAYABLE
   CODE SIZE        =     12    ----
   CONSTANT SIZE    =   ----    ----
   XDATA SIZE       =   ----    ----
   PDATA SIZE       =   ----    ----
   DATA SIZE        =   ----    ----
   IDATA SIZE       =   ----    ----
   BIT SIZE         =   ----    ----
END OF MODULE INFORMATION.


C51 COMPILATION COMPLETE.  0 WARNING(S),  0 ERROR(S)
