C51 COMPILER V9.52.0.0   MAIN                                                              01/05/2018 20:03:12 PAGE 1   


C51 COMPILER V9.52.0.0, COMPILATION OF MODULE MAIN
OBJECT MODULE PLACED IN main.obj
COMPILER INVOKED BY: C:\Keil\C51\BIN\C51.EXE source\main.c ROM(COMPACT) BROWSE INCDIR(.\source) DEBUG OBJECTEXTEND PRINT
                    -(.\main.lst) TABS(2) OBJECT(main.obj)

line level    source

   1          #include "main.h"
   2          
   3          void main (void)
   4          {
   5   1          // init
   6   1          DelayMs (100);
   7   1          sys_init ();
   8   1      #ifdef PRINT_DEBUG
   9   1          LcdDispChar (0, 10, 'i');
  10   1      #endif
  11   1          
  12   1      
  13   1          // main
  14   1          while (1)
  15   1          {
  16   2              switch (fsm)
  17   2              {
  18   3                  case FSM_TUS0:
  19   3                      fsm_tus0_proc();
  20   3                      break;
  21   3                  case FSM_TUS1:
  22   3                      fsm_tus1_proc();
  23   3                      break;
  24   3                  case FSM_WAIT:
  25   3                      fsm_wait_proc();
  26   3                      break;
  27   3                  default:
  28   3                      fsm_erro_proc();
  29   3                      break;
  30   3              }
  31   2          }
  32   1      }
  33          


MODULE INFORMATION:   STATIC OVERLAYABLE
   CODE SIZE        =     49    ----
   CONSTANT SIZE    =   ----    ----
   XDATA SIZE       =   ----    ----
   PDATA SIZE       =   ----    ----
   DATA SIZE        =   ----    ----
   IDATA SIZE       =   ----    ----
   BIT SIZE         =   ----    ----
END OF MODULE INFORMATION.


C51 COMPILATION COMPLETE.  0 WARNING(S),  0 ERROR(S)
